Send 00 A4 04 0C 08 63 63 19 FF 41 4E 54 53 
Recv 6A 82 
Send 00 A4 04 0C 06 4D 49 4F 4D 43 54 
Recv 90 00 
Send 00 A4 04 0C 06 4D 49 4F 4D 43 54 
Recv 90 00 
Send 00 A4 00 04 02 3F 00 00 
Recv 62 17 82 01 38 83 02 3F 00 84 06 4D 49 4F 4D 43 54 A1 03 8C 01 00 8A 01 05 90 00 
Send 00 CA DF 46 00 00 
Recv 67 00 
Send 00 CA 9F 7F 2A 
Recv 69 82 
Send 00 A4 02 04 02 2F 01 00 
Recv 62 17 80 02 00 38 82 01 01 83 02 2F 01 88 01 E8 A1 04 8C 02 01 00 8A 01 05 90 00 
Recv 80 00 43 01 B8 46 04 04 1F 01 10 47 03 94 01 80 4F 06 4D 49 4F 4D 43 54 E0 10 02 02 01 04 02 02 01 04 02 02 01 00 02 02 01 00 78 08 06 06 2B 81 22 F8 78 02 82 02 90 00 90 00 
Send 00 A4 02 04 02 D0 03 00 
Recv 62 17 80 02 00 0C 82 01 01 83 02 D0 03 88 01 E0 A1 04 8C 02 01 00 8A 01 05 90 00 
Send 00 B0 00 00 0C 
Recv 5A 0A 92 50 00 49 37 53 85 13 44 2F 90 00 
Send 00 A4 02 04 02 D0 04 00 
Recv 62 17 80 02 00 A8 82 01 01 83 02 D0 04 88 01 D0 A1 04 8C 02 01 00 8A 01 05 90 00 
Send 00 B0 00 00 A8 
Recv 52 05 30 31 30 30 31 36 33 30 38 42 30 30 30 33 38 30 4B 43 30 31 34 35 5F 41 44 4D 49 4E 5F 30 30 00 00 00 00 00 00 00 00 00 00 00 00 00 00 00 4B 43 30 31 34 35 5F 5F 5F 5F 41 44 5F 30 30 00 00 00 00 00 00 00 00 00 00 00 00 00 00 00 4B 43 30 31 34 35 5F 5F 46 49 4C 45 5F 30 30 00 00 00 00 00 00 00 00 00 00 00 00 00 00 00 4B 43 30 31 34 35 5F 5F 5F 50 55 4B 5F 30 30 00 00 00 00 00 00 00 00 00 00 00 00 00 00 00 4B 43 30 31 34 35 5F 50 49 4E 41 44 5F 30 30 00 00 00 00 00 00 00 00 00 00 00 00 00 00 00 90 00 
Send 00 A4 00 0C 02 3F 00 
Recv 90 00 
Send 00 A4 02 04 02 2F 00 00 
Recv 62 17 80 02 00 1C 82 01 01 83 02 2F 00 88 01 F0 A1 04 8C 02 01 00 8A 01 05 90 00 
Send 00 B0 00 00 1C 
Recv 61 1A 4F 10 E8 28 BD 08 0F D2 50 00 00 10 4D 49 4F 43 00 01 50 06 45 43 43 20 4D 49 90 00 
Send 00 A4 04 04 10 E8 28 BD 08 0F D2 50 00 00 10 4D 49 4F 43 00 01 00 
Recv 62 26 82 01 38 83 02 AD F1 84 10 E8 28 BD 08 0F D2 50 00 00 10 4D 49 4F 43 00 01 A1 08 8C 06 7A FF FF FF 25 44 8A 01 05 90 00 
Send 00 A4 02 04 02 50 32 00 
Recv 62 1C 80 02 01 90 82 01 01 83 02 50 32 88 01 90 A1 09 8C 07 7B FF FF FF FF 44 00 8A 01 05 90 00 
Send 00 B0 00 00 E7 
Recv 30 82 01 59 02 01 01 0C 00 80 06 45 43 43 20 4D 49 03 02 06 C0 30 81 83 30 0B 02 01 03 04 06 4D 49 4F 4D 43 54 30 0B 02 01 04 04 06 4D 49 4F 4D 43 54 30 0B 02 01 05 04 06 4D 49 4F 4D 43 54 30 15 02 01 03 04 10 E8 28 BD 08 0F D2 50 00 00 10 4D 49 4F 43 00 01 30 15 02 01 04 04 10 E8 28 BD 08 0F D2 50 00 00 10 4D 49 4F 43 00 01 30 15 02 01 05 04 10 E8 28 BD 08 0F D2 50 00 00 10 4D 49 4F 43 00 01 30 15 02 01 08 04 10 E8 28 BD 08 0F D2 50 00 00 10 4D 49 4F 43 00 01 A2 81 A6 30 17 02 01 01 02 02 02 20 05 00 03 02 01 02 06 05 2B 0E 03 02 1A 02 01 10 30 1B 02 01 02 02 02 02 50 05 00 03 02 01 02 06 09 60 86 48 01 65 03 04 02 01 02 01 40 30 1A 02 01 03 02 01 06 05 00 03 02 06 40 06 09 2A 86 48 90 00 
Send 00 B0 00 E7 A9 
Recv 86 F7 0D 01 01 05 02 01 12 30 1A 02 01 04 02 01 40 05 00 03 02 06 40 06 09 2A 86 48 86 F7 0D 01 01 0B 02 01 42 30 1A 02 01 05 02 01 01 05 00 03 02 06 40 06 09 2A 86 48 86 F7 0D 01 01 01 02 01 02 30 1A 02 01 06 02 01 01 05 00 03 02 02 04 06 09 2A 86 48 86 F7 0D 01 01 01 02 01 1A 83 00 84 00 A5 11 18 0F 32 30 31 37 30 33 30 32 31 35 35 36 33 30 5A 13 00 00 00 00 00 00 00 00 00 00 00 00 00 00 00 00 00 00 00 00 00 00 00 00 00 00 00 00 00 00 00 00 00 00 00 00 00 00 00 00 00 00 00 00 00 00 00 00 00 00 00 00 90 00 
Send 00 A4 04 0C 10 E8 28 BD 08 0F D2 50 00 00 10 4D 49 4F 43 00 01 
Recv 90 00 
Send 00 A4 02 04 02 50 31 00 
Recv 62 1C 80 02 00 28 82 01 01 83 02 50 31 88 01 88 A1 09 8C 07 7B FF FF FF FF 44 00 8A 01 05 90 00 
Send 00 B0 00 00 28 
Recv A0 06 30 04 04 02 70 02 A1 06 30 04 04 02 70 04 A4 06 30 04 04 02 70 05 A7 06 30 04 04 02 70 06 A8 06 30 04 04 02 70 01 90 00 
Send 00 A4 02 04 02 70 01 00 
Recv 62 1B 80 02 02 58 82 01 01 83 02 70 01 88 00 A1 09 8C 07 7B FF FF FF FF 44 00 8A 01 05 90 00 
Send 00 B0 00 00 E7 
Recv 30 56 30 37 0C 0A 50 49 4E 20 47 6C 6F 62 61 6C 03 02 06 40 04 01 C2 30 22 30 06 03 02 05 20 05 00 30 07 03 02 06 40 04 01 C1 30 0F 03 02 03 08 A2 09 04 01 C2 04 01 C3 04 01 C4 30 03 04 01 C1 A1 16 30 14 03 03 04 08 10 0A 01 01 02 01 04 02 01 04 02 01 04 80 01 01 30 3A 30 1B 0C 0C 50 55 4B 20 47 6C 6F 62 61 6C 20 31 03 01 00 30 08 30 06 03 02 05 20 05 00 30 03 04 01 C2 A1 16 30 14 03 03 04 3A 10 0A 01 01 02 01 08 02 01 08 02 01 08 80 01 02 30 3A 30 1B 0C 0C 50 55 4B 20 47 6C 6F 62 61 6C 20 32 03 01 00 30 08 30 06 03 02 05 20 05 00 30 03 04 01 C3 A1 16 30 14 03 03 04 3A 10 0A 01 01 02 01 08 02 01 08 02 01 08 80 01 03 30 3A 30 1B 0C 0C 50 55 4B 20 47 6C 6F 62 61 6C 20 33 03 01 00 30 08 90 00 
Send 00 B0 00 E7 E7 
Recv 30 06 03 02 05 20 05 00 30 03 04 01 C4 A1 16 30 14 03 03 04 3A 10 0A 01 01 02 01 08 02 01 08 02 01 08 80 01 04 30 5A 30 3A 0C 10 50 49 4E 20 64 65 20 53 69 67 6E 61 74 75 72 65 03 02 06 40 30 22 30 06 03 02 05 20 05 00 30 07 03 02 06 40 04 01 85 30 0F 03 02 03 08 A2 09 04 01 91 04 01 92 04 01 93 30 03 04 01 85 A1 17 30 15 03 03 04 48 10 0A 01 01 02 01 06 02 01 06 02 01 06 80 02 00 85 30 41 30 21 0C 12 50 55 4B 20 64 65 20 53 69 67 6E 61 74 75 72 65 20 31 03 01 00 30 08 30 06 03 02 05 20 05 00 30 03 04 01 91 A1 17 30 15 03 03 04 7A 10 0A 01 01 02 01 08 02 01 08 02 01 08 80 02 00 86 30 41 30 21 0C 12 50 55 4B 20 64 65 20 53 69 67 6E 61 74 75 72 65 20 32 03 01 00 30 08 30 06 03 02 05 20 90 00 
Send 00 B0 01 CE 8A 
Recv 05 00 30 03 04 01 92 A1 17 30 15 03 03 04 7A 10 0A 01 01 02 01 08 02 01 08 02 01 08 80 02 00 87 30 41 30 21 0C 12 50 55 4B 20 64 65 20 53 69 67 6E 61 74 75 72 65 20 33 03 01 00 30 08 30 06 03 02 05 20 05 00 30 03 04 01 93 A1 17 30 15 03 03 04 7A 10 0A 01 01 02 01 08 02 01 08 02 01 08 80 02 00 88 00 00 00 00 00 00 00 00 00 00 00 00 00 00 00 00 00 00 00 00 00 00 00 00 00 00 00 00 00 00 00 00 00 00 00 00 00 00 00 90 00 
Send 00 A4 04 0C 10 E8 28 BD 08 0F D2 50 00 00 10 4D 49 4F 43 00 01 
Recv 90 00 
Send 00 A4 02 04 02 70 02 00 
Recv 62 1B 80 02 03 20 82 01 01 83 02 70 02 88 00 A1 09 8C 07 7B FF FF FF FF 44 00 8A 01 05 90 00 
Send 00 B0 00 00 E7 
Recv 30 75 30 3C 0C 18 43 6C C3 A9 20 64 27 61 75 74 68 65 6E 74 69 66 69 63 61 74 69 6F 6E 31 03 02 07 80 04 01 C1 30 19 30 0D 03 02 06 40 30 07 03 02 07 80 02 01 04 30 08 03 03 06 21 40 04 01 C1 30 25 04 12 E8 28 BD 08 0F D2 50 00 00 10 4D 49 4F 43 00 01 01 01 03 02 02 64 03 02 03 B4 02 02 00 81 A1 03 02 01 05 A0 02 30 00 A1 0A 30 08 30 02 04 00 02 02 08 00 30 75 30 38 0C 12 43 6C C3 A9 20 64 65 20 73 69 67 6E 61 74 75 72 65 31 03 02 07 80 04 01 85 02 01 01 30 18 30 0D 03 02 06 40 30 07 03 02 07 80 02 01 04 30 07 03 02 02 24 04 01 85 30 29 04 12 E8 28 BD 08 0F D2 50 00 00 10 4D 49 4F 43 00 01 01 03 03 03 06 00 40 03 02 03 B4 02 02 00 83 A1 06 02 01 03 02 01 04 A0 02 30 00 A1 0A 30 08 30 90 00 
Send 00 B0 00 E7 E7 
Recv 02 04 00 02 02 08 00 00 00 00 00 00 00 00 00 00 00 00 00 00 00 00 00 00 00 00 00 00 00 00 00 00 00 00 00 00 00 00 00 00 00 00 00 00 00 00 00 00 00 00 00 00 00 00 00 00 00 00 00 00 00 00 00 00 00 00 00 00 00 00 00 00 00 00 00 00 00 00 00 00 00 00 00 00 00 00 00 00 00 00 00 00 00 00 00 00 00 00 00 00 00 00 00 00 00 00 00 00 00 00 00 00 00 00 00 00 00 00 00 00 00 00 00 00 00 00 00 00 00 00 00 00 00 00 00 00 00 00 00 00 00 00 00 00 00 00 00 00 00 00 00 00 00 00 00 00 00 00 00 00 00 00 00 00 00 00 00 00 00 00 00 00 00 00 00 00 00 00 00 00 00 00 00 00 00 00 00 00 00 00 00 00 00 00 00 00 00 00 00 00 00 00 00 00 00 00 00 00 00 00 00 00 00 00 00 00 00 00 00 00 00 00 00 00 00 00 00 00 00 00 00 90 00 
Send 00 B0 01 CE E7 
Recv 00 00 00 00 00 00 00 00 00 00 00 00 00 00 00 00 00 00 00 00 00 00 00 00 00 00 00 00 00 00 00 00 00 00 00 00 00 00 00 00 00 00 00 00 00 00 00 00 00 00 00 00 00 00 00 00 00 00 00 00 00 00 00 00 00 00 00 00 00 00 00 00 00 00 00 00 00 00 00 00 00 00 00 00 00 00 00 00 00 00 00 00 00 00 00 00 00 00 00 00 00 00 00 00 00 00 00 00 00 00 00 00 00 00 00 00 00 00 00 00 00 00 00 00 00 00 00 00 00 00 00 00 00 00 00 00 00 00 00 00 00 00 00 00 00 00 00 00 00 00 00 00 00 00 00 00 00 00 00 00 00 00 00 00 00 00 00 00 00 00 00 00 00 00 00 00 00 00 00 00 00 00 00 00 00 00 00 00 00 00 00 00 00 00 00 00 00 00 00 00 00 00 00 00 00 00 00 00 00 00 00 00 00 00 00 00 00 00 00 00 00 00 00 00 00 00 00 00 00 00 00 90 00 
Send 00 B0 02 B5 6B 
Recv 00 00 00 00 00 00 00 00 00 00 00 00 00 00 00 00 00 00 00 00 00 00 00 00 00 00 00 00 00 00 00 00 00 00 00 00 00 00 00 00 00 00 00 00 00 00 00 00 00 00 00 00 00 00 00 00 00 00 00 00 00 00 00 00 00 00 00 00 00 00 00 00 00 00 00 00 00 00 00 00 00 00 00 00 00 00 00 00 00 00 00 00 00 00 00 00 00 00 00 00 00 00 00 00 00 00 00 90 00 
Send 00 A4 04 0C 10 E8 28 BD 08 0F D2 50 00 00 10 4D 49 4F 43 00 01 
Recv 90 00 
Send 00 A4 02 04 02 70 06 00 
Recv 62 1B 80 02 00 C8 82 01 01 83 02 70 06 88 00 A1 09 8C 07 7B FF FF FF FF 44 00 8A 01 05 90 00 
Send 00 B0 00 00 C8 
Recv 30 33 30 15 0C 05 45 46 2E 53 4E 03 02 07 80 30 08 30 06 03 02 07 80 05 00 30 08 0C 06 4D 49 4F 4D 43 54 A1 10 30 0E A1 0C 4F 06 4D 49 4F 4D 43 54 04 02 D0 03 30 30 30 12 0C 02 49 44 03 02 07 80 30 08 30 06 03 02 07 80 05 00 30 12 0C 10 E8 28 BD 08 0F D2 50 00 00 10 4D 49 4F 43 00 01 A1 06 30 04 04 02 D0 01 30 45 30 27 0C 08 46 6F 6E 63 74 69 6F 6E 03 02 07 80 30 17 30 06 03 02 07 80 05 00 30 0D 03 02 06 40 30 07 03 02 07 80 02 01 08 30 12 0C 10 E8 28 BD 08 0F D2 50 00 00 04 43 4E 49 45 01 01 A1 06 30 04 04 02 D0 02 00 00 00 00 00 00 00 00 00 00 00 00 00 00 00 00 00 00 00 00 00 00 00 00 00 00 90 00 
Send 00 A4 04 0C 06 4D 49 4F 4D 43 54 
Recv 90 00 
Send 00 A4 02 04 02 D0 03 00 
Recv 62 17 80 02 00 0C 82 01 01 83 02 D0 03 88 01 E0 A1 04 8C 02 01 00 8A 01 05 90 00 
Send 00 B0 00 00 0C 
Recv 5A 0A 92 50 00 49 37 53 85 13 44 2F 90 00 
Send 00 A4 04 0C 10 E8 28 BD 08 0F D2 50 00 00 10 4D 49 4F 43 00 01 
Recv 90 00 
Send 00 A4 02 04 02 70 05 00 
Recv 62 1B 80 02 02 58 82 01 01 83 02 70 05 88 00 A1 09 8C 07 7B FF FF FF FF 44 00 8A 01 05 90 00 
Send 00 B0 00 00 E7 
Recv 30 5F 30 3D 0C 1E 43 65 72 74 69 66 69 63 61 74 20 64 27 61 75 74 68 65 6E 74 69 66 69 63 61 74 69 6F 6E 31 03 02 06 40 30 17 30 06 03 02 07 80 05 00 30 0D 03 02 06 40 30 07 03 02 07 80 02 01 04 30 14 04 12 E8 28 BD 08 0F D2 50 00 00 10 4D 49 4F 43 00 01 01 01 A1 08 30 06 30 04 04 02 A0 01 30 59 30 37 0C 18 43 65 72 74 69 66 69 63 61 74 20 64 65 20 73 69 67 6E 61 74 75 72 65 31 03 02 06 40 30 17 30 06 03 02 07 80 05 00 30 0D 03 02 06 40 30 07 03 02 07 80 02 01 04 30 14 04 12 E8 28 BD 08 0F D2 50 00 00 10 4D 49 4F 43 00 01 01 03 A1 08 30 06 30 04 04 02 A0 03 00 00 00 00 00 00 00 00 00 00 00 00 00 00 00 00 00 00 00 00 00 00 00 00 00 00 00 00 00 00 00 00 00 00 00 00 00 00 00 00 00 00 00 90 00 
Send 00 B0 00 E7 E7 
Recv 00 00 00 00 00 00 00 00 00 00 00 00 00 00 00 00 00 00 00 00 00 00 00 00 00 00 00 00 00 00 00 00 00 00 00 00 00 00 00 00 00 00 00 00 00 00 00 00 00 00 00 00 00 00 00 00 00 00 00 00 00 00 00 00 00 00 00 00 00 00 00 00 00 00 00 00 00 00 00 00 00 00 00 00 00 00 00 00 00 00 00 00 00 00 00 00 00 00 00 00 00 00 00 00 00 00 00 00 00 00 00 00 00 00 00 00 00 00 00 00 00 00 00 00 00 00 00 00 00 00 00 00 00 00 00 00 00 00 00 00 00 00 00 00 00 00 00 00 00 00 00 00 00 00 00 00 00 00 00 00 00 00 00 00 00 00 00 00 00 00 00 00 00 00 00 00 00 00 00 00 00 00 00 00 00 00 00 00 00 00 00 00 00 00 00 00 00 00 00 00 00 00 00 00 00 00 00 00 00 00 00 00 00 00 00 00 00 00 00 00 00 00 00 00 00 00 00 00 00 00 00 90 00 
Send 00 B0 01 CE 8A 
Recv 00 00 00 00 00 00 00 00 00 00 00 00 00 00 00 00 00 00 00 00 00 00 00 00 00 00 00 00 00 00 00 00 00 00 00 00 00 00 00 00 00 00 00 00 00 00 00 00 00 00 00 00 00 00 00 00 00 00 00 00 00 00 00 00 00 00 00 00 00 00 00 00 00 00 00 00 00 00 00 00 00 00 00 00 00 00 00 00 00 00 00 00 00 00 00 00 00 00 00 00 00 00 00 00 00 00 00 00 00 00 00 00 00 00 00 00 00 00 00 00 00 00 00 00 00 00 00 00 00 00 00 00 00 00 00 00 00 00 90 00 
Send 00 A4 04 0C 10 E8 28 BD 08 0F D2 50 00 00 10 4D 49 4F 43 00 01 
Recv 90 00 
Send 00 A4 02 04 02 70 04 00 
Recv 62 1B 80 02 02 BC 82 01 01 83 02 70 04 88 00 A1 09 8C 07 7B FF FF FF FF 44 00 8A 01 05 90 00 
Send 00 B0 00 00 E7 
Recv 30 69 30 36 0C 18 43 6C C3 A9 20 64 27 61 75 74 68 65 6E 74 69 66 69 63 61 74 69 6F 6E 31 03 01 00 30 17 30 0D 03 02 06 40 30 07 03 02 07 80 02 01 04 30 06 03 02 07 80 05 00 30 1F 04 12 E8 28 BD 08 0F D2 50 00 00 10 4D 49 4F 43 00 01 01 01 03 01 00 03 02 03 48 02 02 00 81 A0 02 30 00 A1 0A 30 08 30 02 04 00 02 02 08 00 30 63 30 30 0C 12 43 6C C3 A9 20 64 65 20 73 69 67 6E 61 74 75 72 65 31 03 01 00 30 17 30 0D 03 02 06 40 30 07 03 02 07 80 02 01 04 30 06 03 02 07 80 05 00 30 1F 04 12 E8 28 BD 08 0F D2 50 00 00 10 4D 49 4F 43 00 01 01 03 03 01 00 03 02 03 48 02 02 00 83 A0 02 30 00 A1 0A 30 08 30 02 04 00 02 02 08 00 00 00 00 00 00 00 00 00 00 00 00 00 00 00 00 00 00 00 00 00 00 00 00 90 00 
Send 00 B0 00 E7 E7 
Recv 00 00 00 00 00 00 00 00 00 00 00 00 00 00 00 00 00 00 00 00 00 00 00 00 00 00 00 00 00 00 00 00 00 00 00 00 00 00 00 00 00 00 00 00 00 00 00 00 00 00 00 00 00 00 00 00 00 00 00 00 00 00 00 00 00 00 00 00 00 00 00 00 00 00 00 00 00 00 00 00 00 00 00 00 00 00 00 00 00 00 00 00 00 00 00 00 00 00 00 00 00 00 00 00 00 00 00 00 00 00 00 00 00 00 00 00 00 00 00 00 00 00 00 00 00 00 00 00 00 00 00 00 00 00 00 00 00 00 00 00 00 00 00 00 00 00 00 00 00 00 00 00 00 00 00 00 00 00 00 00 00 00 00 00 00 00 00 00 00 00 00 00 00 00 00 00 00 00 00 00 00 00 00 00 00 00 00 00 00 00 00 00 00 00 00 00 00 00 00 00 00 00 00 00 00 00 00 00 00 00 00 00 00 00 00 00 00 00 00 00 00 00 00 00 00 00 00 00 00 00 00 90 00 
Send 00 B0 01 CE E7 
Recv 00 00 00 00 00 00 00 00 00 00 00 00 00 00 00 00 00 00 00 00 00 00 00 00 00 00 00 00 00 00 00 00 00 00 00 00 00 00 00 00 00 00 00 00 00 00 00 00 00 00 00 00 00 00 00 00 00 00 00 00 00 00 00 00 00 00 00 00 00 00 00 00 00 00 00 00 00 00 00 00 00 00 00 00 00 00 00 00 00 00 00 00 00 00 00 00 00 00 00 00 00 00 00 00 00 00 00 00 00 00 00 00 00 00 00 00 00 00 00 00 00 00 00 00 00 00 00 00 00 00 00 00 00 00 00 00 00 00 00 00 00 00 00 00 00 00 00 00 00 00 00 00 00 00 00 00 00 00 00 00 00 00 00 00 00 00 00 00 00 00 00 00 00 00 00 00 00 00 00 00 00 00 00 00 00 00 00 00 00 00 00 00 00 00 00 00 00 00 00 00 00 00 00 00 00 00 00 00 00 00 00 00 00 00 00 00 00 00 00 00 00 00 00 00 00 00 00 00 00 00 00 90 00 
Send 00 B0 02 B5 07 
Recv 00 00 00 00 00 00 00 90 00 
Send 00 A4 04 0C 10 E8 28 BD 08 0F D2 50 00 00 10 4D 49 4F 43 00 01 
Recv 90 00 
Send 00 A4 04 0C 10 E8 28 BD 08 0F D2 50 00 00 10 4D 49 4F 43 00 01 
Recv 90 00 
Send 00 A4 02 04 02 A0 01 00 
Recv 62 1B 80 02 0B B8 82 01 01 83 02 A0 01 88 00 A1 09 8C 07 7B FF FF 25 25 44 00 8A 01 05 90 00 
Send 00 B0 00 00 E7 
Recv 30 82 06 ED 30 82 04 D5 A0 03 02 01 02 02 08 6E E1 B9 DA 11 F5 06 16 30 0D 06 09 2A 86 48 86 F7 0D 01 01 0B 05 00 30 6E 31 0B 30 09 06 03 55 04 06 13 02 46 52 31 1C 30 1A 06 03 55 04 0A 0C 13 4D 49 4E 49 53 54 45 52 45 20 49 4E 54 45 52 49 45 55 52 31 17 30 15 06 03 55 04 0B 0C 0E 30 30 30 32 20 31 31 30 30 31 34 30 31 36 31 28 30 26 06 03 55 04 03 0C 1F 41 44 4D 49 4E 49 53 54 52 41 54 49 4F 4E 20 43 45 4E 54 52 41 4C 45 20 32 45 20 32 30 31 37 30 1E 17 0D 31 38 30 34 30 33 31 34 32 39 31 30 5A 17 0D 31 38 30 37 30 33 31 34 32 39 31 30 5A 30 81 BD 31 0B 30 09 06 03 55 04 06 13 02 46 52 31 1C 30 1A 06 03 55 04 0A 0C 13 4D 49 4E 49 53 54 45 52 45 20 49 4E 54 45 52 49 45 55 52 31 17 30 90 00 
Send 00 B0 00 E7 E7 
Recv 15 06 03 55 04 0B 0C 0E 30 30 30 32 20 31 31 30 30 31 34 30 31 36 31 12 30 10 06 03 55 04 0B 0C 09 50 45 52 53 4F 4E 4E 45 53 31 17 30 15 06 0A 09 92 26 89 93 F2 2C 64 01 01 0C 07 31 34 36 38 35 32 30 31 0F 30 0D 06 03 55 04 2A 0C 06 50 41 53 43 41 4C 31 14 30 12 06 03 55 04 04 0C 0B 42 4F 55 52 47 55 49 47 4E 4F 4E 31 23 30 21 06 03 55 04 03 0C 1A 50 41 53 43 41 4C 20 42 4F 55 52 47 55 49 47 4E 4F 4E 20 31 34 36 38 35 32 30 30 82 01 22 30 0D 06 09 2A 86 48 86 F7 0D 01 01 01 05 00 03 82 01 0F 00 30 82 01 0A 02 82 01 01 00 AA E3 C9 2C C4 8A 15 8D 1C C8 CC CE 60 AF 53 26 6E EB 97 F8 37 33 91 0C CF A1 52 93 04 A2 5F 25 D3 C5 4B 7B 14 89 C6 D4 37 E9 29 15 94 8F BE 67 A8 FE 0A 6C E2 DE 78 90 00 
Send 00 B0 01 CE E7 
Recv AB 5A CD C2 0D 58 45 AA 8C 45 C8 DC 08 FC 4B C6 9A 8A F3 E3 07 6B 3A 4B C7 7B 50 4E 4A 3D D1 74 D7 CF 19 75 51 4E 05 02 AD F4 F4 69 D2 F4 89 5E 2B 11 B8 1E F3 0C C7 56 13 6C 24 68 2C 69 B1 D5 4B 60 4B 10 F7 AC EE 4D 88 0E 20 87 F3 84 25 72 1F B6 EA 1C 52 73 E8 F9 50 41 A9 F3 43 83 DD 63 C5 7F 55 9C 89 1E 84 AE 0D 18 5F 4F C7 17 64 3E 6D 5D F9 7A AA 2A 87 ED 05 08 2C E4 56 64 CF B1 FA C5 7A 5C 8E 88 AB A5 EB B9 4B 44 5E 55 FC 73 F3 67 CB 6C 0B 89 09 AF 70 13 AD 34 93 3A DE E4 BF DF 49 55 ED E5 2E F9 C6 DD 8C 7C DB 32 EF A8 D9 2C A6 C0 41 EA 3E 49 0D 84 47 1D F4 BC 39 62 6F 0C 5F A8 0D 60 17 F9 4F 02 03 01 00 01 A3 82 02 3D 30 82 02 39 30 1F 06 03 55 1D 23 04 18 30 16 80 14 16 A5 C7 67 90 00 
Send 00 B0 02 B5 E7 
Recv 87 21 27 07 8C F1 7B 91 96 07 E1 10 FF F6 86 36 30 1D 06 03 55 1D 0E 04 16 04 14 3A DE A8 3C 5E 2E 2F 05 F1 24 C9 87 47 47 5E 92 51 EC 03 84 30 09 06 03 55 1D 13 04 02 30 00 30 0E 06 03 55 1D 0F 01 01 FF 04 04 03 02 07 80 30 28 06 03 55 1D 25 04 21 30 1F 06 08 2B 06 01 05 05 07 03 02 06 0A 2B 06 01 04 01 82 37 14 02 02 06 07 2B 06 01 05 02 03 04 30 81 B6 06 03 55 1D 11 04 81 AE 30 81 AB A0 34 06 0A 2B 06 01 04 01 82 37 14 02 03 A0 26 0C 24 70 61 73 63 61 6C 2E 62 6F 75 72 67 75 69 67 6E 6F 6E 2E 31 34 36 38 35 32 30 40 6D 69 6E 69 6E 74 2E 66 72 A0 46 06 06 2B 06 01 05 02 02 A0 3C 30 3A A0 0F 1B 0D 4B 52 42 2E 4D 49 4E 49 4E 54 2E 46 52 A1 27 30 25 A0 03 02 01 01 A1 1E 30 1C 1B 1A 70 90 00 
Send 00 B0 03 9C E7 
Recv 61 73 63 61 6C 2E 62 6F 75 72 67 75 69 67 6E 6F 6E 2E 31 34 36 38 35 32 30 81 2B 70 61 73 63 61 6C 2E 62 6F 75 72 67 75 69 67 6E 6F 6E 2D 6F 62 69 61 6E 65 40 69 6E 74 65 72 69 65 75 72 2E 67 6F 75 76 2E 66 72 30 48 06 03 55 1D 20 04 41 30 3F 30 3D 06 0B 2A 81 7A 01 81 18 02 01 0D 02 03 30 2E 30 2C 06 08 2B 06 01 05 05 07 02 01 16 20 68 74 74 70 3A 2F 2F 77 77 77 2E 69 67 63 2E 69 6E 74 65 72 69 65 75 72 2E 67 6F 75 76 2E 66 72 30 51 06 03 55 1D 1F 04 4A 30 48 30 46 A0 44 A0 42 86 40 68 74 74 70 3A 2F 2F 63 72 6C 2E 69 6E 74 65 72 69 65 75 72 2E 67 6F 75 76 2E 66 72 2F 61 64 6D 69 6E 69 73 74 72 61 74 69 6F 6E 2D 63 65 6E 74 72 61 6C 65 2D 32 65 2D 32 30 31 37 2E 63 72 6C 30 5C 06 08 90 00 
Send 00 B0 04 83 E7 
Recv 2B 06 01 05 05 07 01 01 04 50 30 4E 30 4C 06 08 2B 06 01 05 05 07 30 02 86 40 68 74 74 70 3A 2F 2F 63 72 6C 2E 69 6E 74 65 72 69 65 75 72 2E 67 6F 75 76 2E 66 72 2F 61 64 6D 69 6E 69 73 74 72 61 74 69 6F 6E 2D 63 65 6E 74 72 61 6C 65 2D 32 65 2D 32 30 31 37 2E 63 72 74 30 0D 06 09 2A 86 48 86 F7 0D 01 01 0B 05 00 03 82 02 01 00 15 45 EC D2 9C DF 77 42 D3 EA F4 81 40 92 ED A1 69 2C B6 72 32 5E 66 81 FA DB DE 2E 9C 3C AE 7A 77 D1 3D 9D FE BC 39 21 FB F3 38 E0 4A 0A 5C D4 56 64 D5 75 A0 DA B9 AA E5 30 3F F9 73 B6 45 A4 79 52 29 9B 6C FB CB 77 78 6E 04 49 B2 3F A2 AC 54 6F DD 39 CE 6B 6E 26 02 5A 80 48 71 33 E2 81 98 C2 F2 FD E0 D5 1B 37 15 1B 04 80 4C 83 8F 36 D3 5C DE 8B 13 56 62 26 03 90 00 
Send 00 B0 05 6A E7 
Recv 36 3D AE 84 33 21 AF 35 B6 17 A9 18 98 2E 18 2E 72 0A 69 9D 23 BC 74 03 AA 7A A1 26 0B 6A 55 11 7C 78 07 6C FF C3 13 BB E0 0A DF 41 EB 3C 5D 3D 0A CB A9 A7 13 61 9C 24 16 0B 7C EF 30 96 FA DA FE 2C 25 7C 6B 80 0A CA 5A 4C BF 33 28 A1 FD FD 60 07 EE 99 FD 34 DC 74 3F 4E 57 8A 2E 80 73 DA CB 3B 47 64 EE F7 63 45 52 8E BE 77 A4 27 19 87 AF A9 AA 6B ED 3E A4 53 03 CA 1B 0A B7 0D 5B B9 44 23 07 36 F7 E8 7F 58 24 2B C4 E0 07 67 1E A5 D6 FF F1 7A 45 A5 58 E4 33 5B 2E 92 B8 E1 AD 89 B6 E5 C9 29 B4 51 27 48 DF 09 0B 42 C2 A8 F1 CC A5 4C 87 39 A0 7A 01 6B D5 2C 36 1D C3 20 DC F0 CF AA 2A 99 BE 1E E1 49 43 B0 7A 1D F6 72 DC 4A BD 50 2E 72 DA 1B F2 77 C4 11 DF E2 81 30 11 88 78 BB 14 93 F4 B3 1E 90 00 
Send 00 B0 06 51 E7 
Recv F7 95 3E 6D 4D 4D F0 A3 ED D0 23 7F C9 85 28 36 AE 10 FA 04 13 0F 20 3D 38 D1 A4 4B 0A FE 3B B2 4D 24 63 84 60 5B 38 83 A7 F2 17 3B 19 97 EC EB A0 4D BD AD 98 BE A3 4C 1A 9D 67 96 48 BE D1 D1 F3 78 85 43 FC 7E A7 8D 2B 14 89 FC A3 FF EF 6C CA 81 2B D5 62 BA D4 3A DC C6 4E 97 2A 0D 30 76 FF 88 45 32 B4 8D 9B 8D 2F 1E 5C 9D D4 1C 82 7F 75 56 C2 29 CB BD FA 43 5D F7 56 29 90 24 39 F4 54 FE 47 6D 5F 76 3D 98 C6 72 CD B5 EE 89 5B 51 99 B9 75 87 54 FA F2 4C 8D B6 6A FF BC 90 B2 8A 00 00 00 00 00 00 00 00 00 00 00 00 00 00 00 00 00 00 00 00 00 00 00 00 00 00 00 00 00 00 00 00 00 00 00 00 00 00 00 00 00 00 00 00 00 00 00 00 00 00 00 00 00 00 00 00 00 00 00 00 00 00 00 00 00 00 00 00 00 00 00 90 00 
Send 00 A4 04 0C 10 E8 28 BD 08 0F D2 50 00 00 10 4D 49 4F 43 00 01 
Recv 90 00 
Send 00 A4 02 04 02 A0 03 00 
Recv 62 1B 80 02 0B B8 82 01 01 83 02 A0 03 88 00 A1 09 8C 07 7B FF FF 25 25 44 00 8A 01 05 90 00 
Send 00 B0 00 00 E7 
Recv 30 82 06 42 30 82 04 2A A0 03 02 01 02 02 08 1F C7 F9 12 E3 B3 D5 C1 30 0D 06 09 2A 86 48 86 F7 0D 01 01 0B 05 00 30 6E 31 0B 30 09 06 03 55 04 06 13 02 46 52 31 1C 30 1A 06 03 55 04 0A 0C 13 4D 49 4E 49 53 54 45 52 45 20 49 4E 54 45 52 49 45 55 52 31 17 30 15 06 03 55 04 0B 0C 0E 30 30 30 32 20 31 31 30 30 31 34 30 31 36 31 28 30 26 06 03 55 04 03 0C 1F 41 44 4D 49 4E 49 53 54 52 41 54 49 4F 4E 20 43 45 4E 54 52 41 4C 45 20 32 45 20 32 30 31 37 30 1E 17 0D 31 38 30 34 30 33 31 34 33 30 31 35 5A 17 0D 31 38 30 37 30 33 31 34 33 30 31 35 5A 30 81 BD 31 0B 30 09 06 03 55 04 06 13 02 46 52 31 1C 30 1A 06 03 55 04 0A 0C 13 4D 49 4E 49 53 54 45 52 45 20 49 4E 54 45 52 49 45 55 52 31 17 30 90 00 
Send 00 B0 00 E7 E7 
Recv 15 06 03 55 04 0B 0C 0E 30 30 30 32 20 31 31 30 30 31 34 30 31 36 31 12 30 10 06 03 55 04 0B 0C 09 50 45 52 53 4F 4E 4E 45 53 31 17 30 15 06 0A 09 92 26 89 93 F2 2C 64 01 01 0C 07 31 34 36 38 35 32 30 31 0F 30 0D 06 03 55 04 2A 0C 06 50 41 53 43 41 4C 31 14 30 12 06 03 55 04 04 0C 0B 42 4F 55 52 47 55 49 47 4E 4F 4E 31 23 30 21 06 03 55 04 03 0C 1A 50 41 53 43 41 4C 20 42 4F 55 52 47 55 49 47 4E 4F 4E 20 31 34 36 38 35 32 30 30 82 01 22 30 0D 06 09 2A 86 48 86 F7 0D 01 01 01 05 00 03 82 01 0F 00 30 82 01 0A 02 82 01 01 00 C2 D2 6E CE 61 B6 62 99 31 94 80 3C A7 00 4C 38 19 C9 76 D6 76 DF D7 FD B1 1C F5 6B 70 18 C5 99 37 F0 A3 8E AA 0B 57 0E F4 7E 7B 57 3C BE 02 52 90 3D 5A 24 45 67 6D 90 00 
Send 00 B0 01 CE E7 
Recv 49 2C FA 47 1E CC 06 44 6F A4 74 C3 AF 40 96 19 98 AD FB 77 2B C9 F9 4A 1D C1 E4 F2 F2 71 8B F4 41 EC 58 B9 EA 36 F6 95 BF 2B 0E AC 9A 8A 54 35 03 D1 20 FC FB 1B 9B 78 3A A4 60 30 72 0F 80 5B 9A C5 1A B2 8B 64 1C B6 44 4F 1B 5D 1A 58 07 FF 02 4F AF 1B 85 3A 1D 3E 16 F6 E6 6F FF E4 D2 71 48 4A DE AE E5 ED 61 8B DD 7F 46 27 15 F8 03 53 77 C8 10 08 87 75 CD 76 DD 7B C0 D8 3B A9 C8 6A 5F CB 8D FB 41 FD 9E A3 7C 7F 43 93 61 41 6A E5 95 24 7D 72 7B 48 AC 5D CE F3 C9 D8 08 F2 28 24 31 A0 30 C9 99 FA AD 18 35 E9 8D A6 97 43 C4 0A 8C 7C 1B 2E F9 16 FB DB A8 FE 43 2E 24 AA 26 53 82 CD 75 0C 50 BF AC EB 6D 02 03 01 00 01 A3 82 01 92 30 82 01 8E 30 1F 06 03 55 1D 23 04 18 30 16 80 14 16 A5 C7 67 90 00 
Send 00 B0 02 B5 E7 
Recv 87 21 27 07 8C F1 7B 91 96 07 E1 10 FF F6 86 36 30 1D 06 03 55 1D 0E 04 16 04 14 8F 60 1E 0E 6E 0B 9F 39 1B AD D6 53 DF FE 26 29 67 80 DD EB 30 09 06 03 55 1D 13 04 02 30 00 30 0E 06 03 55 1D 0F 01 01 FF 04 04 03 02 06 40 30 36 06 03 55 1D 11 04 2F 30 2D 81 2B 70 61 73 63 61 6C 2E 62 6F 75 72 67 75 69 67 6E 6F 6E 2D 6F 62 69 61 6E 65 40 69 6E 74 65 72 69 65 75 72 2E 67 6F 75 76 2E 66 72 30 48 06 03 55 1D 20 04 41 30 3F 30 3D 06 0B 2A 81 7A 01 81 18 02 01 0D 02 01 30 2E 30 2C 06 08 2B 06 01 05 05 07 02 01 16 20 68 74 74 70 3A 2F 2F 77 77 77 2E 69 67 63 2E 69 6E 74 65 72 69 65 75 72 2E 67 6F 75 76 2E 66 72 30 51 06 03 55 1D 1F 04 4A 30 48 30 46 A0 44 A0 42 86 40 68 74 74 70 3A 2F 2F 63 90 00 
Send 00 B0 03 9C E7 
Recv 72 6C 2E 69 6E 74 65 72 69 65 75 72 2E 67 6F 75 76 2E 66 72 2F 61 64 6D 69 6E 69 73 74 72 61 74 69 6F 6E 2D 63 65 6E 74 72 61 6C 65 2D 32 65 2D 32 30 31 37 2E 63 72 6C 30 5C 06 08 2B 06 01 05 05 07 01 01 04 50 30 4E 30 4C 06 08 2B 06 01 05 05 07 30 02 86 40 68 74 74 70 3A 2F 2F 63 72 6C 2E 69 6E 74 65 72 69 65 75 72 2E 67 6F 75 76 2E 66 72 2F 61 64 6D 69 6E 69 73 74 72 61 74 69 6F 6E 2D 63 65 6E 74 72 61 6C 65 2D 32 65 2D 32 30 31 37 2E 63 72 74 30 0D 06 09 2A 86 48 86 F7 0D 01 01 0B 05 00 03 82 02 01 00 51 84 DA 03 DF 7E 0F 2F 04 5E 26 5B C1 D2 7F 5C 92 27 91 E6 47 53 41 67 A7 AC 66 DF 81 28 33 44 46 90 22 D1 F9 4F BD 66 7C 62 7B 64 3E CB 6B F4 3B A4 63 E1 2F 84 7E BD 60 D1 98 AF A1 90 00 
Send 00 B0 04 83 E7 
Recv B2 98 84 2B EA 14 0D 87 83 0E 53 0C 33 8A C4 2B CC 65 E9 0B F6 E3 51 7C 67 DA A9 F1 81 95 A4 AD A3 69 5D 4A 79 19 EB 3A E7 FD AF 7A 3C 4F CB 14 8D A2 D9 E5 51 AA 16 39 0A CF A3 44 65 D4 A6 7D F1 B5 52 82 F2 C1 58 7D 9F 7F C6 CC F9 57 AD 70 23 D1 35 5C 18 EF 87 C6 21 65 40 D3 F7 AE 78 12 A7 7F 9E 99 40 A1 13 86 06 02 03 2F 5D 19 C8 7B BA F3 13 02 65 C3 C0 72 72 44 6E B5 8B EF 2B 3E 27 B9 3A 3E F9 4B F2 F3 D6 D3 5E 4F 1D 4A 67 00 51 1A 46 0D 93 8F D7 CB B5 0D EB 4D AE FD D7 C9 64 BC E3 67 F5 DF 28 FC 96 DD BF 41 25 88 CC DE 81 03 43 BE F4 D8 25 B6 A5 A4 7E 9A 5F 58 A2 16 49 FF ED FF DC 1B 33 51 15 EB 42 11 69 6B 57 F7 55 58 82 ED F6 F0 C5 83 AA 70 F6 67 A8 20 B8 CA F8 36 36 3E FD 50 89 90 00 
Send 00 B0 05 6A E7 
Recv 98 F7 A7 D6 AA 8E AD BA 4E AC 73 0F 0A DA 99 87 47 62 CA DA 8D BC 90 A2 AD 67 73 FC F3 AC 9B 73 45 80 9B 63 88 C8 65 50 92 16 A1 8C 75 A1 C9 28 88 4E 8E 39 60 83 8A 72 C2 D3 77 05 EC 58 39 98 57 D3 CD 10 2A A6 88 4F DE 74 17 49 A8 4E 11 76 0B 70 8C 26 19 FE E0 43 D0 06 63 E9 23 99 3B 25 8A F9 92 E8 63 A4 C5 9B AD 27 75 FE D2 FA 23 A9 45 80 53 46 A4 8A 94 02 2E D9 4D 43 B0 B7 EB 38 31 78 31 5C A4 82 5E EA 15 2E 3D BC A8 9C 1E 25 E8 32 C8 A1 A9 41 50 F3 4A 80 6B 42 B9 F8 D9 CD 8A 5E F8 FB 61 6A DD 68 C5 23 C1 E3 22 46 AB B3 81 18 CD 8D F4 3D DC E7 11 E5 6B 06 C2 06 2F C1 E8 78 06 34 5C CD 7D 9C 6B 5B F3 33 8C D8 B2 CE 05 75 0D 0B 9D 2C 4D 57 6F 3F D5 09 00 00 00 00 00 00 00 00 00 00 00 90 00 
Send 00 A4 00 0C 02 3F 00 
Recv 90 00 
Send 00 CB 3F FF 0A 4D 08 70 06 BF 81 01 02 A0 80 00 
Recv 70 1E BF 81 01 1A A0 18 9A 01 03 9B 01 03 80 02 00 04 A1 0C 8C 0A F3 00 00 13 FF 00 90 19 90 23 90 00 
Send 00 CB 3F FF 0A 4D 08 70 06 BF 81 02 02 A0 80 00 
Recv 70 22 BF 81 02 1E A0 1C 9A 01 05 9B 01 00 9C 02 00 01 9D 02 00 01 80 02 00 08 A1 08 8C 06 F3 FF 00 19 FF 00 90 00 
Send 00 CB 3F FF 0A 4D 08 70 06 BF 81 03 02 A0 80 00 
Recv 70 22 BF 81 03 1E A0 1C 9A 01 05 9B 01 00 9C 02 00 01 9D 02 00 01 80 02 00 08 A1 08 8C 06 F3 FF 00 19 FF 00 90 00 
Send 00 CB 3F FF 0A 4D 08 70 06 BF 81 04 02 A0 80 00 
Recv 70 22 BF 81 04 1E A0 1C 9A 01 05 9B 01 00 9C 02 00 01 9D 02 00 01 80 02 00 08 A1 08 8C 06 F3 FF 00 19 FF 00 90 00 
Send 00 A4 04 0C 10 E8 28 BD 08 0F D2 50 00 00 10 4D 49 4F 43 00 01 
Recv 90 00 
Send 00 CB 3F FF 0A 4D 08 70 06 BF 81 05 02 A0 80 00 
Recv 70 1E BF 81 05 1A A0 18 9A 01 05 9B 01 05 80 02 00 06 A1 0C 8C 0A F3 00 00 17 FF 00 90 19 90 23 90 00 
Send 00 CB 3F FF 0A 4D 08 70 06 BF 81 06 02 A0 80 00 
Recv 70 22 BF 81 06 1E A0 1C 9A 01 05 9B 01 00 9C 02 00 01 9D 02 00 01 80 02 00 08 A1 08 8C 06 F3 FF 00 19 FF 00 90 00 
Send 00 CB 3F FF 0A 4D 08 70 06 BF 81 07 02 A0 80 00 
Recv 70 22 BF 81 07 1E A0 1C 9A 01 05 9B 01 00 9C 02 00 01 9D 02 00 01 80 02 00 08 A1 08 8C 06 F3 FF 00 19 FF 00 90 00 
Send 00 CB 3F FF 0A 4D 08 70 06 BF 81 08 02 A0 80 00 
Recv 70 22 BF 81 08 1E A0 1C 9A 01 05 9B 01 00 9C 02 00 01 9D 02 00 01 80 02 00 08 A1 08 8C 06 F3 FF 00 19 FF 00 90 00 
Send 00 A4 04 0C 10 E8 28 BD 08 0F D2 50 00 00 10 4D 49 4F 43 00 01 
Recv 90 00 
Send 00 20 00 01 00 
Recv 90 00 
Send 00 A4 04 0C 10 E8 28 BD 08 0F D2 50 00 00 10 4D 49 4F 43 00 01 
Recv 90 00 
Send 00 22 41 A4 06 84 01 81 80 01 02 
Recv 90 00 
Send 00 88 00 00 23 30 21 30 09 06 05 2B 0E 03 02 1A 05 00 04 14 E7 96 B9 CE 4E DA 78 BC 58 85 9F BF 29 0D 78 99 FA 79 78 D6 00 
Recv 97 30 EE 23 41 40 BE E1 6F 41 0D 80 23 4C A2 4F E1 87 1C 1B C7 BC 40 0D 5A 38 96 D0 AB 2B 56 6C 0D 72 90 6F 02 A4 11 CC 56 DF D1 F5 4B A7 78 77 42 54 34 54 56 2C 7D D0 6B BB D3 50 BE 34 FF 48 CC AD C2 DC 0E 82 19 66 E1 1B 22 E2 78 DD 44 EA 55 73 6B 06 0F 46 E4 64 5F 58 2C 15 18 0B AC 92 D3 A7 8A 23 DA AA C2 E3 2E 9A 1D A0 2B 1B 02 72 94 96 92 2E 0B DD CF 3F 86 86 A2 D2 BA 26 B6 9E A2 19 62 0B B4 CE 5E 67 FB B4 5B 04 B8 1E 21 66 3F 0D 34 35 00 17 15 DC 24 DC 6B 31 A2 96 A5 54 18 85 45 81 5E 8E CE 9B 89 80 31 22 5E 87 EF A6 DD A2 7A 16 21 45 4F 82 06 AA 0D 1A CF 9A 3E DA DB 81 0C 2A 2F 07 E8 41 78 D7 A5 B4 D9 A8 07 1D BB 20 CA E8 0A 3A 5B BE 78 55 59 D6 97 40 0F 50 30 92 C1 15 AE A7 2F B7 7A 1A 11 6E 71 B1 1A 53 C5 C6 03 C1 A6 DA 08 A0 50 77 B9 44 2E 65 23 42 90 00 
Send 00 20 00 01 00 
Recv 90 00 
Send 00 A4 04 0C 10 E8 28 BD 08 0F D2 50 00 00 10 4D 49 4F 43 00 01 
Recv 90 00 
Send 00 22 41 A4 06 84 01 81 80 01 02 
Recv 90 00 
Send 00 88 00 00 23 30 21 30 09 06 05 2B 0E 03 02 1A 05 00 04 14 9A DC 57 FB E5 B0 0D B1 29 59 89 57 7D FA 8C F2 17 E9 8C 7F 00 
Recv 83 61 D3 81 CB BE 1B 80 2B 96 57 91 9E 8B C7 E2 B7 21 F0 8F C3 A6 10 73 07 94 F5 EE 74 B0 04 FB 70 E5 09 3D C7 92 70 43 6A 87 49 0A 42 A1 51 AB 17 D6 3E F0 B9 82 4C D5 29 BB F6 46 C6 BE 9E 15 6C 3D 5C 2D A1 FC E8 D3 AC F3 15 A1 9A 11 DD ED 3F 4C FB 91 96 13 D6 92 29 E5 C2 5A AE B5 DE EF 96 3F 2D 67 37 34 24 AD D0 35 99 AA EA 4D 69 4D 8E 32 2E DC 8E EA 9C 57 82 A5 09 CB A1 2C E2 C1 1B 90 B9 9D 34 50 38 F8 88 B5 94 E2 8D 19 CA 14 B6 F5 F2 0B E6 AF 0D 0D 3D 80 B5 A9 38 72 6A 0E 41 45 19 4C 3E 6F 0D 27 BE 0D 28 68 73 BE 02 94 0F 09 DB 83 94 7F 7E 2F 67 D5 2F 4B BB 7C BD B0 20 0E 0D 6D 4A C6 0F F9 D7 9A F5 93 5A 6F 88 57 F8 C0 DC C9 E5 FC B9 E9 B1 A5 C8 51 9E 60 38 C9 BB A9 8A B0 69 5E 55 EB D3 B9 11 00 C8 19 AD C8 8C E5 F1 30 41 BF 7D 2E 5F CE BE BB 01 CB 1D 1C 90 00 
